<?xml version="1.0" encoding="UTF-8"?>
<!-- Generated by org.testng.reporters.JUnitReportReporter -->
<testsuite hostname="o55oo-PC" name="testcases.TC001_LoginLogOut" tests="2" failures="0" timestamp="23 Dec 2017 15:10:30 GMT" time="27.219" errors="0">
  <testcase name="logInLogOut" time="12.022" classname="testcases.TC001_LoginLogOut"/>
  <testcase name="logInLogOut" time="15.197" classname="testcases.TC001_LoginLogOut"/>
</testsuite> <!-- testcases.TC001_LoginLogOut -->
