<?xml version="1.0" encoding="UTF-8"?>
<!-- Generated by org.testng.reporters.JUnitReportReporter -->
<testsuite hostname="o55oo-PC" name="testcases.TC002_LoginNegative" tests="4" failures="0" timestamp="9 Dec 2017 15:02:49 GMT" time="39.497" errors="0">
  <testcase name="loginFail" time="9.756" classname="testcases.TC002_LoginNegative"/>
  <testcase name="loginFail" time="9.952" classname="testcases.TC002_LoginNegative"/>
  <testcase name="loginFail" time="9.768" classname="testcases.TC002_LoginNegative"/>
  <testcase name="loginFail" time="10.021" classname="testcases.TC002_LoginNegative"/>
</testsuite> <!-- testcases.TC002_LoginNegative -->
